<?xml version="1.0" encoding="UTF-8"?>
<testsuite xmlns:xsi="http://www.w3.org/2001/XMLSchema-instance" xsi:noNamespaceSchemaLocation="https://maven.apache.org/surefire/maven-surefire-plugin/xsd/surefire-test-report-3.0.xsd" version="3.0" name="net.binni.SpringBootAppApplicationTests" time="5.714" tests="1" errors="0" skipped="0" failures="0">
  <properties>
[...]
</properties>
  <testcase name="contextLoads" classname="net.binni.SpringBootAppApplicationTests" time="1.811">
    <system-out><![CDATA[20:56:15.019 [main] INFO org.springframework.test.context.support.AnnotationConfigContextLoaderUtils -- Could not detect default configuration classes for test class [net.binni.SpringBootAppApplicationTests]: SpringBootAppApplicationTests does not declare any static, non-private, non-final, nested classes annotated with @Configuration.
20:56:15.224 [main] INFO org.springframework.boot.test.context.SpringBootTestContextBootstrapper -- Found @SpringBootConfiguration net.binni.SpringBootAppApplication for test class net.binni.SpringBootAppApplicationTests

  .   ____          _            __ _ _
 /\\ / ___'_ __ _ _(_)_ __  __ _ \ \ \ \
( ( )\___ | '_ | '_| | '_ \/ _` | \ \ \ \
 \\/  ___)| |_)| | | | | || (_| |  ) ) ) )
  '  |____| .__|_| |_|_| |_\__, | / / / /
 =========|_|==============|___/=/_/_/_/
 :: Spring Boot ::                (v3.1.1)

2023-07-04T20:56:16.111+05:30  INFO 11668 --- [           main] n.binni.SpringBootAppApplicationTests    : Starting SpringBootAppApplicationTests using Java 17.0.4.1 with PID 11668 (started by pc in D:\ShopmeEcommerce\SpringBootApp)
2023-07-04T20:56:16.114+05:30  INFO 11668 --- [           main] n.binni.SpringBootAppApplicationTests    : No active profile set, falling back to 1 default profile: "default"
2023-07-04T20:56:18.164+05:30  INFO 11668 --- [           main] o.s.b.a.w.s.WelcomePageHandlerMapping    : Adding welcome page template: index
2023-07-04T20:56:18.495+05:30  INFO 11668 --- [           main] n.binni.SpringBootAppApplicationTests    : Started SpringBootAppApplicationTests in 2.946 seconds (process running for 4.789)
]]></system-out>
  </testcase>
</testsuite>